d:\nayphilim\documents\magic deck builder project\mtg deck builder\mtg deck builder\x64\debug\vc141.pdb
d:\nayphilim\documents\magic deck builder project\mtg deck builder\mtg deck builder\x64\debug\.netframework,version=v4.6.1.assemblyattributes.obj
d:\nayphilim\documents\magic deck builder project\mtg deck builder\mtg deck builder\x64\debug\.netframework,version=v4.6.1.assemblyattributes.asm
d:\nayphilim\documents\magic deck builder project\mtg deck builder\mtg deck builder\x64\debug\deck builder.obj
d:\nayphilim\documents\magic deck builder project\mtg deck builder\x64\debug\mtg deck builder.exe
d:\nayphilim\documents\magic deck builder project\mtg deck builder\x64\debug\mtg deck builder.pdb
d:\nayphilim\documents\magic deck builder project\mtg deck builder\mtg deck builder\x64\debug\mtg deck builder.tlog\metagen.write.1.tlog
d:\nayphilim\documents\magic deck builder project\mtg deck builder\mtg deck builder\x64\debug\mtgdeckbuilder.deck builder.resources
d:\nayphilim\documents\magic deck builder project\mtg deck builder\x64\debug\mysql.data.dll
d:\nayphilim\documents\magic deck builder project\mtg deck builder\x64\debug\google.protobuf.dll
d:\nayphilim\documents\magic deck builder project\mtg deck builder\x64\debug\mysql.data.xml
d:\nayphilim\documents\magic deck builder project\mtg deck builder\mtg deck builder\x64\debug\mtg deck builder.vcxproj.generateresource.cache
d:\nayphilim\documents\magic deck builder project\mtg deck builder\mtg deck builder\x64\debug\mtg deck builder.vcxprojassemblyreference.cache
d:\nayphilim\documents\magic deck builder project\mtg deck builder\mtg deck builder\x64\debug\database.obj
d:\nayphilim\documents\magic deck builder project\mtg deck builder\mtg deck builder\x64\debug\mtg deck builder.tlog\cl.command.1.tlog
d:\nayphilim\documents\magic deck builder project\mtg deck builder\mtg deck builder\x64\debug\mtg deck builder.tlog\cl.read.1.tlog
d:\nayphilim\documents\magic deck builder project\mtg deck builder\mtg deck builder\x64\debug\mtg deck builder.tlog\cl.write.1.tlog
d:\nayphilim\documents\magic deck builder project\mtg deck builder\mtg deck builder\x64\debug\mtg deck builder.tlog\link.command.1.tlog
d:\nayphilim\documents\magic deck builder project\mtg deck builder\mtg deck builder\x64\debug\mtg deck builder.tlog\link.read.1.tlog
d:\nayphilim\documents\magic deck builder project\mtg deck builder\mtg deck builder\x64\debug\mtg deck builder.tlog\link.write.1.tlog
d:\nayphilim\documents\magic deck builder project\mtg deck builder\mtg deck builder\x64\debug\mtg deck builder.tlog\metagen.read.1.tlog
d:\nayphilim\documents\magic deck builder project\mtg deck builder\mtg deck builder\x64\debug\mtg deck builder.tlog\mtg deck builder.write.1u.tlog
d:\nayphilim\documents\magic deck builder project\mtg deck builder\mtg deck builder\x64\debug\mtg deck builder.tlog\mysql.data.dll.metagen
